# JRE version: Java(TM) SE Runtime Environment (8.0_151-b12) (build 1.8.0_151-b12)
# Java VM: Java HotSpot(TM) 64-Bit Server VM (25.151-b12 mixed mode linux-amd64 compressed oops)
Heap:
 PSYoungGen      total 140800K, used 17442K [0x00000000f0000000, 0x00000000fa080000, 0x0000000100000000)
  eden space 120832K, 0% used [0x00000000f0000000,0x00000000f0000000,0x00000000f7600000)
  from space 19968K, 87% used [0x00000000f7600000,0x00000000f8708af0,0x00000000f8980000)
  to   space 18432K, 0% used [0x00000000f8980000,0x00000000f8980000,0x00000000f9b80000)
 ParOldGen       total 95744K, used 28477K [0x00000000d0000000, 0x00000000d5d80000, 0x00000000f0000000)
  object space 95744K, 29% used [0x00000000d0000000,0x00000000d1bcf6e0,0x00000000d5d80000)
 Metaspace       used 56000K, capacity 56584K, committed 56704K, reserved 1095680K
  class space    used 10656K, capacity 10840K, committed 10880K, reserved 1048576K
GC Heap History (10 events):
Event: 8.024 GC heap after
Heap after GC invocations=14 (full 4):
 PSYoungGen      total 99328K, used 0K [0x00000000f0000000, 0x00000000f7380000, 0x0000000100000000)
  eden space 83456K, 0% used [0x00000000f0000000,0x00000000f0000000,0x00000000f5180000)
  from space 15872K, 0% used [0x00000000f6200000,0x00000000f6200000,0x00000000f7180000)
  to   space 16896K, 0% used [0x00000000f5180000,0x00000000f5180000,0x00000000f6200000)
 ParOldGen       total 95744K, used 28445K [0x00000000d0000000, 0x00000000d5d80000, 0x00000000f0000000)
  object space 95744K, 29% used [0x00000000d0000000,0x00000000d1bc76e0,0x00000000d5d80000)
 Metaspace       used 42641K, capacity 42986K, committed 43136K, reserved 1083392K
  class space    used 8156K, capacity 8247K, committed 8320K, reserved 1048576K
}
Event: 9.499 GC heap before
{Heap before GC invocations=15 (full 4):
 PSYoungGen      total 99328K, used 83456K [0x00000000f0000000, 0x00000000f7380000, 0x0000000100000000)
  eden space 83456K, 100% used [0x00000000f0000000,0x00000000f5180000,0x00000000f5180000)
  from space 15872K, 0% used [0x00000000f6200000,0x00000000f6200000,0x00000000f7180000)
  to   space 16896K, 0% used [0x00000000f5180000,0x00000000f5180000,0x00000000f6200000)
 ParOldGen       total 95744K, used 28445K [0x00000000d0000000, 0x00000000d5d80000, 0x00000000f0000000)
  object space 95744K, 29% used [0x00000000d0000000,0x00000000d1bc76e0,0x00000000d5d80000)
 Metaspace       used 46411K, capacity 46906K, committed 47232K, reserved 1087488K
  class space    used 9126K, capacity 9255K, committed 9344K, reserved 1048576K
Event: 9.516 GC heap after
Heap after GC invocations=15 (full 4):
 PSYoungGen      total 100352K, used 6525K [0x00000000f0000000, 0x00000000f8280000, 0x0000000100000000)
  eden space 83456K, 0% used [0x00000000f0000000,0x00000000f0000000,0x00000000f5180000)
  from space 16896K, 38% used [0x00000000f5180000,0x00000000f57df7d8,0x00000000f6200000)
  to   space 16384K, 0% used [0x00000000f7280000,0x00000000f7280000,0x00000000f8280000)
 ParOldGen       total 95744K, used 28453K [0x00000000d0000000, 0x00000000d5d80000, 0x00000000f0000000)
  object space 95744K, 29% used [0x00000000d0000000,0x00000000d1bc96e0,0x00000000d5d80000)
 Metaspace       used 46411K, capacity 46906K, committed 47232K, reserved 1087488K
  class space    used 9126K, capacity 9255K, committed 9344K, reserved 1048576K
}
Event: 11.055 GC heap before
{Heap before GC invocations=16 (full 4):
 PSYoungGen      total 100352K, used 89981K [0x00000000f0000000, 0x00000000f8280000, 0x0000000100000000)
  eden space 83456K, 100% used [0x00000000f0000000,0x00000000f5180000,0x00000000f5180000)
  from space 16896K, 38% used [0x00000000f5180000,0x00000000f57df7d8,0x00000000f6200000)
  to   space 16384K, 0% used [0x00000000f7280000,0x00000000f7280000,0x00000000f8280000)
 ParOldGen       total 95744K, used 28453K [0x00000000d0000000, 0x00000000d5d80000, 0x00000000f0000000)
  object space 95744K, 29% used [0x00000000d0000000,0x00000000d1bc96e0,0x00000000d5d80000)
 Metaspace       used 50712K, capacity 51200K, committed 51456K, reserved 1091584K
  class space    used 9748K, capacity 9896K, committed 9984K, reserved 1048576K
Event: 11.072 GC heap after
Heap after GC invocations=16 (full 4):
 PSYoungGen      total 116224K, used 11236K [0x00000000f0000000, 0x00000000f8280000, 0x0000000100000000)
  eden space 99840K, 0% used [0x00000000f0000000,0x00000000f0000000,0x00000000f6180000)
  from space 16384K, 68% used [0x00000000f7280000,0x00000000f7d79040,0x00000000f8280000)
  to   space 16896K, 0% used [0x00000000f6180000,0x00000000f6180000,0x00000000f7200000)
 ParOldGen       total 95744K, used 28461K [0x00000000d0000000, 0x00000000d5d80000, 0x00000000f0000000)
  object space 95744K, 29% used [0x00000000d0000000,0x00000000d1bcb6e0,0x00000000d5d80000)
 Metaspace       used 50712K, capacity 51200K, committed 51456K, reserved 1091584K
  class space    used 9748K, capacity 9896K, committed 9984K, reserved 1048576K
}
Event: 12.283 GC heap before
{Heap before GC invocations=17 (full 4):
 PSYoungGen      total 116224K, used 111076K [0x00000000f0000000, 0x00000000f8280000, 0x0000000100000000)
  eden space 99840K, 100% used [0x00000000f0000000,0x00000000f6180000,0x00000000f6180000)
  from space 16384K, 68% used [0x00000000f7280000,0x00000000f7d79040,0x00000000f8280000)
  to   space 16896K, 0% used [0x00000000f6180000,0x00000000f6180000,0x00000000f7200000)
 ParOldGen       total 95744K, used 28461K [0x00000000d0000000, 0x00000000d5d80000, 0x00000000f0000000)
  object space 95744K, 29% used [0x00000000d0000000,0x00000000d1bcb6e0,0x00000000d5d80000)
 Metaspace       used 55118K, capacity 55558K, committed 55808K, reserved 1093632K
  class space    used 10524K, capacity 10666K, committed 10752K, reserved 1048576K
Event: 12.322 GC heap after
Heap after GC invocations=17 (full 4):
 PSYoungGen      total 116736K, used 15444K [0x00000000f0000000, 0x00000000f9b80000, 0x0000000100000000)
  eden space 99840K, 0% used [0x00000000f0000000,0x00000000f0000000,0x00000000f6180000)
  from space 16896K, 91% used [0x00000000f6180000,0x00000000f7095070,0x00000000f7200000)
  to   space 18432K, 0% used [0x00000000f8980000,0x00000000f8980000,0x00000000f9b80000)
 ParOldGen       total 95744K, used 28469K [0x00000000d0000000, 0x00000000d5d80000, 0x00000000f0000000)
  object space 95744K, 29% used [0x00000000d0000000,0x00000000d1bcd6e0,0x00000000d5d80000)
 Metaspace       used 55118K, capacity 55558K, committed 55808K, reserved 1093632K
  class space    used 10524K, capacity 10666K, committed 10752K, reserved 1048576K
}
Event: 13.174 GC heap before
{Heap before GC invocations=18 (full 4):
 PSYoungGen      total 116736K, used 115284K [0x00000000f0000000, 0x00000000f9b80000, 0x0000000100000000)
  eden space 99840K, 100% used [0x00000000f0000000,0x00000000f6180000,0x00000000f6180000)
  from space 16896K, 91% used [0x00000000f6180000,0x00000000f7095070,0x00000000f7200000)
  to   space 18432K, 0% used [0x00000000f8980000,0x00000000f8980000,0x00000000f9b80000)
 ParOldGen       total 95744K, used 28469K [0x00000000d0000000, 0x00000000d5d80000, 0x00000000f0000000)
  object space 95744K, 29% used [0x00000000d0000000,0x00000000d1bcd6e0,0x00000000d5d80000)
 Metaspace       used 55567K, capacity 56150K, committed 56320K, reserved 1095680K
  class space    used 10586K, capacity 10734K, committed 10752K, reserved 1048576K
Event: 13.203 GC heap after
Heap after GC invocations=18 (full 4):
 PSYoungGen      total 139264K, used 15392K [0x00000000f0000000, 0x00000000fa080000, 0x0000000100000000)
  eden space 120832K, 0% used [0x00000000f0000000,0x00000000f0000000,0x00000000f7600000)
  from space 18432K, 83% used [0x00000000f8980000,0x00000000f9888030,0x00000000f9b80000)
  to   space 19968K, 0% used [0x00000000f7600000,0x00000000f7600000,0x00000000f8980000)
 ParOldGen       total 95744K, used 28469K [0x00000000d0000000, 0x00000000d5d80000, 0x00000000f0000000)
  object space 95744K, 29% used [0x00000000d0000000,0x00000000d1bcd6e0,0x00000000d5d80000)
 Metaspace       used 55567K, capacity 56150K, committed 56320K, reserved 1095680K
  class space    used 10586K, capacity 10734K, committed 10752K, reserved 1048576K
}
Event: 15.584 GC heap before
{Heap before GC invocations=19 (full 4):
 PSYoungGen      total 139264K, used 136224K [0x00000000f0000000, 0x00000000fa080000, 0x0000000100000000)
  eden space 120832K, 100% used [0x00000000f0000000,0x00000000f7600000,0x00000000f7600000)
  from space 18432K, 83% used [0x00000000f8980000,0x00000000f9888030,0x00000000f9b80000)
  to   space 19968K, 0% used [0x00000000f7600000,0x00000000f7600000,0x00000000f8980000)
 ParOldGen       total 95744K, used 28469K [0x00000000d0000000, 0x00000000d5d80000, 0x00000000f0000000)
  object space 95744K, 29% used [0x00000000d0000000,0x00000000d1bcd6e0,0x00000000d5d80000)
 Metaspace       used 56000K, capacity 56584K, committed 56704K, reserved 1095680K
  class space    used 10656K, capacity 10840K, committed 10880K, reserved 1048576K

